[INFO][[F:/qq下载/1504010825-张瑾(1)/代码/Server.py][run][41][None]][2018-12-24 12:42:33][链接成功！IP=127.0.0.1,PORT=5063]
[DEBUG][[F:/qq下载/1504010825-张瑾(1)/代码/Server.py][run][46][None]][2018-12-24 12:43:04][1004]
[DEBUG][[F:/qq下载/1504010825-张瑾(1)/代码/Server.py][Register][306][None]][2018-12-24 12:43:04][开始注册！]
[DEBUG][[F:/qq下载/1504010825-张瑾(1)/代码/Server.py][Register][311][None]][2018-12-24 12:43:04][username:nihao,password:123456]
[DEBUG][[F:/qq下载/1504010825-张瑾(1)/代码/Server.py][Register][316][None]][2018-12-24 12:43:04][新账号：123]
[DEBUG][[F:/qq下载/1504010825-张瑾(1)/代码/Server.py][Register][326][None]][2018-12-24 12:43:04][注册成功]
[DEBUG][[F:/qq下载/1504010825-张瑾(1)/代码/Server.py][Register][329][None]][2018-12-24 12:43:04][回复注册成功！]
[DEBUG][[F:/qq下载/1504010825-张瑾(1)/代码/Server.py][run][48][None]][2018-12-24 12:43:04][run go on]
[DEBUG][[F:/qq下载/1504010825-张瑾(1)/代码/Server.py][run][46][None]][2018-12-24 12:43:10][1001]
[DEBUG][[F:/qq下载/1504010825-张瑾(1)/代码/Server.py][Login][67][None]][2018-12-24 12:43:10][<class 'int'>]
[INFO][[F:/qq下载/1504010825-张瑾(1)/代码/Server.py][Login][69][None]][2018-12-24 12:43:10][123正在尝试链接...]
[DEBUG][[F:/qq下载/1504010825-张瑾(1)/代码/Server.py][Login][86][None]][2018-12-24 12:43:10][关闭数据库]
[INFO][[F:/qq下载/1504010825-张瑾(1)/代码/Server.py][Login][104][None]][2018-12-24 12:43:10][123登陆失败！]
[DEBUG][[F:/qq下载/1504010825-张瑾(1)/代码/Server.py][run][48][None]][2018-12-24 12:43:10][run go on]
[DEBUG][[F:/qq下载/1504010825-张瑾(1)/代码/Server.py][run][46][None]][2018-12-24 12:43:16][1001]
[DEBUG][[F:/qq下载/1504010825-张瑾(1)/代码/Server.py][Login][67][None]][2018-12-24 12:43:16][<class 'int'>]
[INFO][[F:/qq下载/1504010825-张瑾(1)/代码/Server.py][Login][69][None]][2018-12-24 12:43:16][123正在尝试链接...]
[DEBUG][[F:/qq下载/1504010825-张瑾(1)/代码/Server.py][Login][86][None]][2018-12-24 12:43:16][关闭数据库]
[INFO][[F:/qq下载/1504010825-张瑾(1)/代码/Server.py][Login][92][None]][2018-12-24 12:43:16][已存入123]
[INFO][[F:/qq下载/1504010825-张瑾(1)/代码/Server.py][Login][96][123]][2018-12-24 12:43:16][123登陆成功！]
[DEBUG][[F:/qq下载/1504010825-张瑾(1)/代码/Server.py][InitChat][153][123]][2018-12-24 12:43:16][InitChat 开始]
[DEBUG][[F:/qq下载/1504010825-张瑾(1)/代码/Server.py][InitChat][157][123]][2018-12-24 12:43:16][发送初始化用户数据]
[DEBUG][[F:/qq下载/1504010825-张瑾(1)/代码/Server.py][InitChat][164][123]][2018-12-24 12:43:16][开始查询好友ID]
[DEBUG][[F:/qq下载/1504010825-张瑾(1)/代码/Server.py][InitChat][171][123]][2018-12-24 12:43:16][开始查询好友信息]
[DEBUG][[F:/qq下载/1504010825-张瑾(1)/代码/Server.py][InitChat][194][123]][2018-12-24 12:43:16][查询好友完成]
[DEBUG][[F:/qq下载/1504010825-张瑾(1)/代码/Server.py][InitChat][198][123]][2018-12-24 12:43:16][发送好友列表完成！]
[DEBUG][[F:/qq下载/1504010825-张瑾(1)/代码/Server.py][InitChat][199][123]][2018-12-24 12:43:16][select * from Mess where des=123 order by idate asc]
[DEBUG][[F:/qq下载/1504010825-张瑾(1)/代码/Server.py][InitChat][203][123]][2018-12-24 12:43:16][查询离线信息查询完成]
[DEBUG][[F:/qq下载/1504010825-张瑾(1)/代码/Server.py][InitChat][236][123]][2018-12-24 12:43:16][发送离线信息完成]
[DEBUG][[F:/qq下载/1504010825-张瑾(1)/代码/Server.py][InitChat][237][123]][2018-12-24 12:43:16][清理离线消息开始..]
[DEBUG][[F:/qq下载/1504010825-张瑾(1)/代码/Server.py][InitChat][238][123]][2018-12-24 12:43:16][delete from Mess where des=123 and type=1]
[DEBUG][[F:/qq下载/1504010825-张瑾(1)/代码/Server.py][InitChat][240][123]][2018-12-24 12:43:16][清理离线消息完成..]
[DEBUG][[F:/qq下载/1504010825-张瑾(1)/代码/Server.py][InitChat][246][123]][2018-12-24 12:43:16][InitChat完成！]
[DEBUG][[F:/qq下载/1504010825-张瑾(1)/代码/Server.py][changeStaus][271][123]][2018-12-24 12:43:16][changeStaus start]
[DEBUG][[F:/qq下载/1504010825-张瑾(1)/代码/Server.py][changeStaus][273][123]][2018-12-24 12:43:16][有0个在线好友！]
[DEBUG][[F:/qq下载/1504010825-张瑾(1)/代码/Server.py][changeStaus][281][123]][2018-12-24 12:43:16][changeStaus end]
[DEBUG][[F:/qq下载/1504010825-张瑾(1)/代码/Server.py][run][48][123]][2018-12-24 12:43:16][run go on]
[ERROR][[F:/qq下载/1504010825-张瑾(1)/代码/Server.py][run][50][123]][2018-12-24 12:43:19][[WinError 10054] 远程主机强迫关闭了一个现有的连接。]
[DEBUG][[F:/qq下载/1504010825-张瑾(1)/代码/Server.py][changeStaus][271][123]][2018-12-24 12:43:19][changeStaus start]
[DEBUG][[F:/qq下载/1504010825-张瑾(1)/代码/Server.py][changeStaus][273][123]][2018-12-24 12:43:19][有0个在线好友！]
[DEBUG][[F:/qq下载/1504010825-张瑾(1)/代码/Server.py][changeStaus][281][123]][2018-12-24 12:43:19][changeStaus end]
[INFO][[F:/qq下载/1504010825-张瑾(1)/代码/Server.py][run][59][123]][2018-12-24 12:43:19][123离线!!!...]
[INFO][[F:/qq下载/1504010825-张瑾(1)/代码/Server.py][run][41][None]][2018-12-24 12:55:09][链接成功！IP=127.0.0.1,PORT=5110]
[DEBUG][[F:/qq下载/1504010825-张瑾(1)/代码/Server.py][run][46][None]][2018-12-24 12:55:40][1001]
[DEBUG][[F:/qq下载/1504010825-张瑾(1)/代码/Server.py][Login][67][None]][2018-12-24 12:55:40][<class 'int'>]
[INFO][[F:/qq下载/1504010825-张瑾(1)/代码/Server.py][Login][69][None]][2018-12-24 12:55:40][123正在尝试链接...]
[DEBUG][[F:/qq下载/1504010825-张瑾(1)/代码/Server.py][Login][86][None]][2018-12-24 12:55:40][关闭数据库]
[INFO][[F:/qq下载/1504010825-张瑾(1)/代码/Server.py][Login][92][None]][2018-12-24 12:55:40][已存入123]
[INFO][[F:/qq下载/1504010825-张瑾(1)/代码/Server.py][Login][96][123]][2018-12-24 12:55:40][123登陆成功！]
[DEBUG][[F:/qq下载/1504010825-张瑾(1)/代码/Server.py][InitChat][153][123]][2018-12-24 12:55:40][InitChat 开始]
[DEBUG][[F:/qq下载/1504010825-张瑾(1)/代码/Server.py][InitChat][157][123]][2018-12-24 12:55:40][发送初始化用户数据]
[DEBUG][[F:/qq下载/1504010825-张瑾(1)/代码/Server.py][InitChat][164][123]][2018-12-24 12:55:40][开始查询好友ID]
[DEBUG][[F:/qq下载/1504010825-张瑾(1)/代码/Server.py][InitChat][171][123]][2018-12-24 12:55:40][开始查询好友信息]
[DEBUG][[F:/qq下载/1504010825-张瑾(1)/代码/Server.py][InitChat][194][123]][2018-12-24 12:55:40][查询好友完成]
[DEBUG][[F:/qq下载/1504010825-张瑾(1)/代码/Server.py][InitChat][198][123]][2018-12-24 12:55:40][发送好友列表完成！]
[DEBUG][[F:/qq下载/1504010825-张瑾(1)/代码/Server.py][InitChat][199][123]][2018-12-24 12:55:40][select * from Mess where des=123 order by idate asc]
[DEBUG][[F:/qq下载/1504010825-张瑾(1)/代码/Server.py][InitChat][203][123]][2018-12-24 12:55:40][查询离线信息查询完成]
[DEBUG][[F:/qq下载/1504010825-张瑾(1)/代码/Server.py][InitChat][236][123]][2018-12-24 12:55:40][发送离线信息完成]
[DEBUG][[F:/qq下载/1504010825-张瑾(1)/代码/Server.py][InitChat][237][123]][2018-12-24 12:55:40][清理离线消息开始..]
[DEBUG][[F:/qq下载/1504010825-张瑾(1)/代码/Server.py][InitChat][238][123]][2018-12-24 12:55:40][delete from Mess where des=123 and type=1]
[DEBUG][[F:/qq下载/1504010825-张瑾(1)/代码/Server.py][InitChat][240][123]][2018-12-24 12:55:40][清理离线消息完成..]
[DEBUG][[F:/qq下载/1504010825-张瑾(1)/代码/Server.py][InitChat][246][123]][2018-12-24 12:55:40][InitChat完成！]
[DEBUG][[F:/qq下载/1504010825-张瑾(1)/代码/Server.py][changeStaus][271][123]][2018-12-24 12:55:40][changeStaus start]
[DEBUG][[F:/qq下载/1504010825-张瑾(1)/代码/Server.py][changeStaus][273][123]][2018-12-24 12:55:40][有0个在线好友！]
[DEBUG][[F:/qq下载/1504010825-张瑾(1)/代码/Server.py][changeStaus][281][123]][2018-12-24 12:55:40][changeStaus end]
[DEBUG][[F:/qq下载/1504010825-张瑾(1)/代码/Server.py][run][48][123]][2018-12-24 12:55:40][run go on]
[INFO][[F:/qq下载/1504010825-张瑾(1)/代码/Server.py][run][41][None]][2018-12-24 12:56:17][链接成功！IP=127.0.0.1,PORT=5111]
[DEBUG][[F:/qq下载/1504010825-张瑾(1)/代码/Server.py][run][46][None]][2018-12-24 12:56:30][1004]
[DEBUG][[F:/qq下载/1504010825-张瑾(1)/代码/Server.py][Register][306][None]][2018-12-24 12:56:30][开始注册！]
[DEBUG][[F:/qq下载/1504010825-张瑾(1)/代码/Server.py][Register][311][None]][2018-12-24 12:56:30][username:123,password:123456]
[DEBUG][[F:/qq下载/1504010825-张瑾(1)/代码/Server.py][Register][316][None]][2018-12-24 12:56:30][新账号：124]
[DEBUG][[F:/qq下载/1504010825-张瑾(1)/代码/Server.py][Register][326][None]][2018-12-24 12:56:30][注册成功]
[DEBUG][[F:/qq下载/1504010825-张瑾(1)/代码/Server.py][Register][329][None]][2018-12-24 12:56:30][回复注册成功！]
[DEBUG][[F:/qq下载/1504010825-张瑾(1)/代码/Server.py][run][48][None]][2018-12-24 12:56:30][run go on]
[DEBUG][[F:/qq下载/1504010825-张瑾(1)/代码/Server.py][run][46][None]][2018-12-24 12:56:57][1001]
[DEBUG][[F:/qq下载/1504010825-张瑾(1)/代码/Server.py][Login][67][None]][2018-12-24 12:56:57][<class 'int'>]
[INFO][[F:/qq下载/1504010825-张瑾(1)/代码/Server.py][Login][69][None]][2018-12-24 12:56:57][124正在尝试链接...]
[DEBUG][[F:/qq下载/1504010825-张瑾(1)/代码/Server.py][Login][86][None]][2018-12-24 12:56:57][关闭数据库]
[INFO][[F:/qq下载/1504010825-张瑾(1)/代码/Server.py][Login][92][None]][2018-12-24 12:56:57][已存入124]
[INFO][[F:/qq下载/1504010825-张瑾(1)/代码/Server.py][Login][96][124]][2018-12-24 12:56:57][124登陆成功！]
[DEBUG][[F:/qq下载/1504010825-张瑾(1)/代码/Server.py][InitChat][153][124]][2018-12-24 12:56:57][InitChat 开始]
[DEBUG][[F:/qq下载/1504010825-张瑾(1)/代码/Server.py][InitChat][157][124]][2018-12-24 12:56:57][发送初始化用户数据]
[DEBUG][[F:/qq下载/1504010825-张瑾(1)/代码/Server.py][InitChat][164][124]][2018-12-24 12:56:57][开始查询好友ID]
[DEBUG][[F:/qq下载/1504010825-张瑾(1)/代码/Server.py][InitChat][171][124]][2018-12-24 12:56:57][开始查询好友信息]
[DEBUG][[F:/qq下载/1504010825-张瑾(1)/代码/Server.py][InitChat][194][124]][2018-12-24 12:56:57][查询好友完成]
[DEBUG][[F:/qq下载/1504010825-张瑾(1)/代码/Server.py][InitChat][198][124]][2018-12-24 12:56:57][发送好友列表完成！]
[DEBUG][[F:/qq下载/1504010825-张瑾(1)/代码/Server.py][InitChat][199][124]][2018-12-24 12:56:57][select * from Mess where des=124 order by idate asc]
[DEBUG][[F:/qq下载/1504010825-张瑾(1)/代码/Server.py][InitChat][203][124]][2018-12-24 12:56:57][查询离线信息查询完成]
[DEBUG][[F:/qq下载/1504010825-张瑾(1)/代码/Server.py][InitChat][236][124]][2018-12-24 12:56:57][发送离线信息完成]
[DEBUG][[F:/qq下载/1504010825-张瑾(1)/代码/Server.py][InitChat][237][124]][2018-12-24 12:56:57][清理离线消息开始..]
[DEBUG][[F:/qq下载/1504010825-张瑾(1)/代码/Server.py][InitChat][238][124]][2018-12-24 12:56:57][delete from Mess where des=124 and type=1]
[DEBUG][[F:/qq下载/1504010825-张瑾(1)/代码/Server.py][InitChat][240][124]][2018-12-24 12:56:57][清理离线消息完成..]
[DEBUG][[F:/qq下载/1504010825-张瑾(1)/代码/Server.py][InitChat][246][124]][2018-12-24 12:56:57][InitChat完成！]
[DEBUG][[F:/qq下载/1504010825-张瑾(1)/代码/Server.py][changeStaus][271][124]][2018-12-24 12:56:57][changeStaus start]
[DEBUG][[F:/qq下载/1504010825-张瑾(1)/代码/Server.py][changeStaus][273][124]][2018-12-24 12:56:57][有0个在线好友！]
[DEBUG][[F:/qq下载/1504010825-张瑾(1)/代码/Server.py][changeStaus][281][124]][2018-12-24 12:56:57][changeStaus end]
[DEBUG][[F:/qq下载/1504010825-张瑾(1)/代码/Server.py][run][48][124]][2018-12-24 12:56:57][run go on]
[DEBUG][[F:/qq下载/1504010825-张瑾(1)/代码/Server.py][run][46][124]][2018-12-24 12:57:04][1002]
[INFO][[F:/qq下载/1504010825-张瑾(1)/代码/Server.py][AddFriend][336][124]][2018-12-24 12:57:04][124添加123申请为好友]
[DEBUG][[F:/qq下载/1504010825-张瑾(1)/代码/Server.py][AddFriend][340][124]][2018-12-24 12:57:04][<class 'int'>]
[DEBUG][[F:/qq下载/1504010825-张瑾(1)/代码/Server.py][AddFriend][341][124]][2018-12-24 12:57:04][进入查询阶段...]
[DEBUG][[F:/qq下载/1504010825-张瑾(1)/代码/Server.py][AddFriend][378][124]][2018-12-24 12:57:04][请求已发送！]
[DEBUG][[F:/qq下载/1504010825-张瑾(1)/代码/Server.py][ToWater][400][124]][2018-12-24 12:57:04][开始记录流水]
[DEBUG][[F:/qq下载/1504010825-张瑾(1)/代码/Server.py][ToWater][413][124]][2018-12-24 12:57:04][id=0]
[DEBUG][[F:/qq下载/1504010825-张瑾(1)/代码/Server.py][ToWater][418][124]][2018-12-24 12:57:04][流水执行完成]
[DEBUG][[F:/qq下载/1504010825-张瑾(1)/代码/Server.py][AddFriend][382][124]][2018-12-24 12:57:04][插入完毕！]
[DEBUG][[F:/qq下载/1504010825-张瑾(1)/代码/Server.py][AddFriend][390][124]][2018-12-24 12:57:04][AddFriend完成！]
[DEBUG][[F:/qq下载/1504010825-张瑾(1)/代码/Server.py][run][48][124]][2018-12-24 12:57:04][run go on]
[DEBUG][[F:/qq下载/1504010825-张瑾(1)/代码/Server.py][run][46][123]][2018-12-24 12:57:29][2007]
[DEBUG][[F:/qq下载/1504010825-张瑾(1)/代码/Server.py][Agree][473][123]][2018-12-24 12:57:29][Agree start]
[DEBUG][[F:/qq下载/1504010825-张瑾(1)/代码/Server.py][Agree][474][123]][2018-12-24 12:57:29][res=123]
[DEBUG][[F:/qq下载/1504010825-张瑾(1)/代码/Server.py][Agree][475][123]][2018-12-24 12:57:29][<class 'int'>]
[DEBUG][[F:/qq下载/1504010825-张瑾(1)/代码/Server.py][Agree][482][123]][2018-12-24 12:57:29][发起同意...]
[DEBUG][[F:/qq下载/1504010825-张瑾(1)/代码/Server.py][AddUser][421][123]][2018-12-24 12:57:29][发送添加用户开始]
[DEBUG][[F:/qq下载/1504010825-张瑾(1)/代码/Server.py][AddUser][425][123]][2018-12-24 12:57:29][<class 'int'>]
[DEBUG][[F:/qq下载/1504010825-张瑾(1)/代码/Server.py][getUser][440][123]][2018-12-24 12:57:29][获取用户开始]
[DEBUG][[F:/qq下载/1504010825-张瑾(1)/代码/Server.py][getUser][442][123]][2018-12-24 12:57:29][select * from user where count=124]
[DEBUG][[F:/qq下载/1504010825-张瑾(1)/代码/Server.py][getUser][445][123]][2018-12-24 12:57:29][获取用户完成]
[DEBUG][[F:/qq下载/1504010825-张瑾(1)/代码/Server.py][getUser][450][123]][2018-12-24 12:57:29][返回数据]
[DEBUG][[F:/qq下载/1504010825-张瑾(1)/代码/Server.py][AddUser][433][123]][2018-12-24 12:57:29][封装协议开始]
[DEBUG][[F:/qq下载/1504010825-张瑾(1)/代码/Server.py][AddUser][436][123]][2018-12-24 12:57:29][开始发送...]
[DEBUG][[F:/qq下载/1504010825-张瑾(1)/代码/Server.py][AddUser][438][123]][2018-12-24 12:57:29][发送123添加124用户完成]
[DEBUG][[F:/qq下载/1504010825-张瑾(1)/代码/Server.py][AddUser][421][123]][2018-12-24 12:57:29][发送添加用户开始]
[DEBUG][[F:/qq下载/1504010825-张瑾(1)/代码/Server.py][AddUser][425][123]][2018-12-24 12:57:29][<class 'int'>]
[DEBUG][[F:/qq下载/1504010825-张瑾(1)/代码/Server.py][getUser][440][123]][2018-12-24 12:57:29][获取用户开始]
[DEBUG][[F:/qq下载/1504010825-张瑾(1)/代码/Server.py][getUser][442][123]][2018-12-24 12:57:29][select * from user where count=123]
[DEBUG][[F:/qq下载/1504010825-张瑾(1)/代码/Server.py][getUser][445][123]][2018-12-24 12:57:29][获取用户完成]
[DEBUG][[F:/qq下载/1504010825-张瑾(1)/代码/Server.py][getUser][450][123]][2018-12-24 12:57:29][返回数据]
[DEBUG][[F:/qq下载/1504010825-张瑾(1)/代码/Server.py][AddUser][433][123]][2018-12-24 12:57:29][封装协议开始]
[DEBUG][[F:/qq下载/1504010825-张瑾(1)/代码/Server.py][AddUser][436][123]][2018-12-24 12:57:29][开始发送...]
[DEBUG][[F:/qq下载/1504010825-张瑾(1)/代码/Server.py][AddUser][438][123]][2018-12-24 12:57:29][发送124添加123用户完成]
[DEBUG][[F:/qq下载/1504010825-张瑾(1)/代码/Server.py][Transpond][511][123]][2018-12-24 12:57:29][Transpond开始]
[DEBUG][[F:/qq下载/1504010825-张瑾(1)/代码/Server.py][Transpond][519][123]][2018-12-24 12:57:29][res:123,des:124]
[DEBUG][[F:/qq下载/1504010825-张瑾(1)/代码/Server.py][Transpond][531][123]][2018-12-24 12:57:29][参数检查完毕]
[DEBUG][[F:/qq下载/1504010825-张瑾(1)/代码/Server.py][Transpond][532][123]][2018-12-24 12:57:29][链接数据库完成！]
[DEBUG][[F:/qq下载/1504010825-张瑾(1)/代码/Server.py][ToWater][400][123]][2018-12-24 12:57:29][开始记录流水]
[DEBUG][[F:/qq下载/1504010825-张瑾(1)/代码/Server.py][ToWater][413][123]][2018-12-24 12:57:29][id=1]
[DEBUG][[F:/qq下载/1504010825-张瑾(1)/代码/Server.py][ToWater][418][123]][2018-12-24 12:57:29][流水执行完成]
[INFO][[F:/qq下载/1504010825-张瑾(1)/代码/Server.py][Transpond][550][123]][2018-12-24 12:57:29][123向124发送：0]
[DEBUG][[F:/qq下载/1504010825-张瑾(1)/代码/Server.py][Transpond][566][123]][2018-12-24 12:57:29][正在发送给124]
[DEBUG][[F:/qq下载/1504010825-张瑾(1)/代码/Server.py][Transpond][568][123]][2018-12-24 12:57:29][Transpond结束]
[INFO][[F:/qq下载/1504010825-张瑾(1)/代码/Server.py][Agree][494][123]][2018-12-24 12:57:29][数据库操作：123成为124的好友]
[DEBUG][[F:/qq下载/1504010825-张瑾(1)/代码/Server.py][run][48][123]][2018-12-24 12:57:29][run go on]
[DEBUG][[F:/qq下载/1504010825-张瑾(1)/代码/Server.py][run][46][123]][2018-12-24 12:57:29][1007]
[INFO][[F:/qq下载/1504010825-张瑾(1)/代码/Server.py][DeleteWater][151][123]][2018-12-24 12:57:29][删除第0项完成！]
[DEBUG][[F:/qq下载/1504010825-张瑾(1)/代码/Server.py][run][48][123]][2018-12-24 12:57:29][run go on]
[DEBUG][[F:/qq下载/1504010825-张瑾(1)/代码/Server.py][run][46][124]][2018-12-24 12:57:34][1007]
[INFO][[F:/qq下载/1504010825-张瑾(1)/代码/Server.py][DeleteWater][151][124]][2018-12-24 12:57:34][删除第1项完成！]
[DEBUG][[F:/qq下载/1504010825-张瑾(1)/代码/Server.py][run][48][124]][2018-12-24 12:57:34][run go on]
[DEBUG][[F:/qq下载/1504010825-张瑾(1)/代码/Server.py][run][46][123]][2018-12-24 12:57:49][1003]
[DEBUG][[F:/qq下载/1504010825-张瑾(1)/代码/Server.py][Transpond][511][123]][2018-12-24 12:57:49][Transpond开始]
[DEBUG][[F:/qq下载/1504010825-张瑾(1)/代码/Server.py][Transpond][519][123]][2018-12-24 12:57:49][res:123,des:124]
[DEBUG][[F:/qq下载/1504010825-张瑾(1)/代码/Server.py][Transpond][531][123]][2018-12-24 12:57:49][参数检查完毕]
[DEBUG][[F:/qq下载/1504010825-张瑾(1)/代码/Server.py][Transpond][532][123]][2018-12-24 12:57:49][链接数据库完成！]
[INFO][[F:/qq下载/1504010825-张瑾(1)/代码/Server.py][Transpond][553][123]][2018-12-24 12:57:49][123向124发送：None]
[DEBUG][[F:/qq下载/1504010825-张瑾(1)/代码/Server.py][TalkIntoDB][248][123]][2018-12-24 12:57:49][开始插入对话...]
[DEBUG][[F:/qq下载/1504010825-张瑾(1)/代码/Server.py][TalkIntoDB][249][123]][2018-12-24 12:57:49][<class 'POTOCOL.MyPotocol'>]
[DEBUG][[F:/qq下载/1504010825-张瑾(1)/代码/Server.py][TalkIntoDB][255][123]][2018-12-24 12:57:49][获取参数完成]
[DEBUG][[F:/qq下载/1504010825-张瑾(1)/代码/Server.py][TalkIntoDB][262][123]][2018-12-24 12:57:49][获取参数完成]
[DEBUG][[F:/qq下载/1504010825-张瑾(1)/代码/Server.py][TalkIntoDB][268][123]][2018-12-24 12:57:49][插入对话完成...]
[DEBUG][[F:/qq下载/1504010825-张瑾(1)/代码/Server.py][Transpond][556][123]][2018-12-24 12:57:49][2018-12-24 12:57:49]
[DEBUG][[F:/qq下载/1504010825-张瑾(1)/代码/Server.py][Transpond][566][123]][2018-12-24 12:57:49][正在发送给124]
[DEBUG][[F:/qq下载/1504010825-张瑾(1)/代码/Server.py][Transpond][568][123]][2018-12-24 12:57:49][Transpond结束]
[DEBUG][[F:/qq下载/1504010825-张瑾(1)/代码/Server.py][run][48][123]][2018-12-24 12:57:50][run go on]
[ERROR][[F:/qq下载/1504010825-张瑾(1)/代码/Server.py][run][50][124]][2018-12-24 12:58:03][[WinError 10054] 远程主机强迫关闭了一个现有的连接。]
[DEBUG][[F:/qq下载/1504010825-张瑾(1)/代码/Server.py][changeStaus][271][124]][2018-12-24 12:58:03][changeStaus start]
[DEBUG][[F:/qq下载/1504010825-张瑾(1)/代码/Server.py][changeStaus][273][124]][2018-12-24 12:58:03][有1个在线好友！]
[DEBUG][[F:/qq下载/1504010825-张瑾(1)/代码/Server.py][changeStaus][281][124]][2018-12-24 12:58:03][changeStaus end]
[INFO][[F:/qq下载/1504010825-张瑾(1)/代码/Server.py][run][59][124]][2018-12-24 12:58:03][124离线!!!...]
[ERROR][[F:/qq下载/1504010825-张瑾(1)/代码/Server.py][run][50][123]][2018-12-24 12:58:09][[WinError 10054] 远程主机强迫关闭了一个现有的连接。]
[DEBUG][[F:/qq下载/1504010825-张瑾(1)/代码/Server.py][changeStaus][271][123]][2018-12-24 12:58:09][changeStaus start]
[DEBUG][[F:/qq下载/1504010825-张瑾(1)/代码/Server.py][changeStaus][273][123]][2018-12-24 12:58:09][有0个在线好友！]
[DEBUG][[F:/qq下载/1504010825-张瑾(1)/代码/Server.py][changeStaus][281][123]][2018-12-24 12:58:09][changeStaus end]
[INFO][[F:/qq下载/1504010825-张瑾(1)/代码/Server.py][run][59][123]][2018-12-24 12:58:09][123离线!!!...]
[INFO][[Server.py][run][41][None]][2018-12-24 13:02:00][链接成功！IP=127.0.0.1,PORT=5132]
[DEBUG][[Server.py][run][46][None]][2018-12-24 13:02:12][1001]
[DEBUG][[Server.py][Login][67][None]][2018-12-24 13:02:12][<class 'int'>]
[INFO][[Server.py][Login][69][None]][2018-12-24 13:02:12][123正在尝试链接...]
[DEBUG][[Server.py][Login][86][None]][2018-12-24 13:02:12][关闭数据库]
[INFO][[Server.py][Login][92][None]][2018-12-24 13:02:12][已存入123]
[INFO][[Server.py][Login][96][123]][2018-12-24 13:02:12][123登陆成功！]
[DEBUG][[Server.py][InitChat][153][123]][2018-12-24 13:02:12][InitChat 开始]
[DEBUG][[Server.py][InitChat][157][123]][2018-12-24 13:02:12][发送初始化用户数据]
[DEBUG][[Server.py][InitChat][164][123]][2018-12-24 13:02:12][开始查询好友ID]
[DEBUG][[Server.py][InitChat][171][123]][2018-12-24 13:02:12][开始查询好友信息]
[DEBUG][[Server.py][InitChat][173][123]][2018-12-24 13:02:12][124]
[DEBUG][[Server.py][InitChat][184][123]][2018-12-24 13:02:12][好友124]
[DEBUG][[Server.py][InitChat][194][123]][2018-12-24 13:02:12][查询好友完成]
[DEBUG][[Server.py][InitChat][198][123]][2018-12-24 13:02:12][发送好友列表完成！]
[DEBUG][[Server.py][InitChat][199][123]][2018-12-24 13:02:12][select * from Mess where des=123 order by idate asc]
[DEBUG][[Server.py][InitChat][203][123]][2018-12-24 13:02:12][查询离线信息查询完成]
[DEBUG][[Server.py][InitChat][236][123]][2018-12-24 13:02:12][发送离线信息完成]
[DEBUG][[Server.py][InitChat][237][123]][2018-12-24 13:02:12][清理离线消息开始..]
[DEBUG][[Server.py][InitChat][238][123]][2018-12-24 13:02:12][delete from Mess where des=123 and type=1]
[DEBUG][[Server.py][InitChat][240][123]][2018-12-24 13:02:12][清理离线消息完成..]
[DEBUG][[Server.py][InitChat][246][123]][2018-12-24 13:02:12][InitChat完成！]
[DEBUG][[Server.py][changeStaus][271][123]][2018-12-24 13:02:12][changeStaus start]
[DEBUG][[Server.py][changeStaus][273][123]][2018-12-24 13:02:12][有0个在线好友！]
[DEBUG][[Server.py][changeStaus][281][123]][2018-12-24 13:02:12][changeStaus end]
[DEBUG][[Server.py][run][48][123]][2018-12-24 13:02:12][run go on]
[ERROR][[Server.py][run][50][123]][2018-12-24 13:02:37][[WinError 10054] 远程主机强迫关闭了一个现有的连接。]
[DEBUG][[Server.py][changeStaus][271][123]][2018-12-24 13:02:37][changeStaus start]
[DEBUG][[Server.py][changeStaus][273][123]][2018-12-24 13:02:37][有0个在线好友！]
[DEBUG][[Server.py][changeStaus][281][123]][2018-12-24 13:02:37][changeStaus end]
[INFO][[Server.py][run][59][123]][2018-12-24 13:02:37][123离线!!!...]
